<?xml version="1.0" encoding="UTF-8"?>
<testng-results ignored="0" total="2" passed="2" failed="0" skipped="0">
  <reporter-output>
  </reporter-output>
  <suite started-at="2021-06-25T01:52:36 EDT" name="Default suite" finished-at="2021-06-25T01:52:54 EDT" duration-ms="18209">
    <groups>
    </groups>
    <test started-at="2021-06-25T01:52:36 EDT" name="Default test" finished-at="2021-06-25T01:52:54 EDT" duration-ms="18209">
      <class name="Automated.Images_Buttons">
        <test-method is-config="true" signature="setUpClass()[pri:0, instance:Automated.Images_Buttons@1f3f4916]" started-at="2021-06-25T01:52:36 EDT" name="setUpClass" finished-at="2021-06-25T01:52:36 EDT" duration-ms="23" status="PASS">
          <reporter-output>
          </reporter-output>
        </test-method> <!-- setUpClass -->
        <test-method signature="buttons()[pri:0, instance:Automated.Images_Buttons@1f3f4916]" started-at="2021-06-25T01:52:36 EDT" name="buttons" finished-at="2021-06-25T01:52:45 EDT" duration-ms="9040" status="PASS">
          <reporter-output>
          </reporter-output>
        </test-method> <!-- buttons -->
        <test-method signature="imagess()[pri:0, instance:Automated.Images_Buttons@1f3f4916]" started-at="2021-06-25T01:52:45 EDT" name="imagess" finished-at="2021-06-25T01:52:54 EDT" duration-ms="8984" status="PASS">
          <reporter-output>
          </reporter-output>
        </test-method> <!-- imagess -->
      </class> <!-- Automated.Images_Buttons -->
    </test> <!-- Default test -->
  </suite> <!-- Default suite -->
</testng-results>
